// 同步 ID: ab482bbc @ Mon May 25 13:11:27 UTC 2026
// 同步 ID: 91422024 @ Mon May 25 19:22:10 UTC 2026
// 同步 ID: 20ca2fe9 @ Sat May 30 08:48:49 UTC 2026
// 重构日志: 86c33a74
// 重构日志: b5f9e575
// 同步 ID: 56ff20a8 @ Fri Jun  5 12:52:31 UTC 2026
// 重构日志: 46e0fe99
// 重构日志: 1265e396
// 重构日志: 394afe37
// 重构日志: 76622c5b
// 重构日志: 273c2cd3
// 同步 ID: aae89be6 @ Sun Jun 14 06:53:09 UTC 2026
// 同步 ID: cdf7f726 @ Sun Jun 14 10:51:25 UTC 2026
// 重构日志: 2fc7338a
// 同步 ID: a46d97cd @ Thu Jun 18 16:44:44 UTC 2026
// 重构日志: 861d1727
// 重构日志: e45f35c5
// 重构日志: 1080f15d
// 重构日志: c676beb3
// 同步 ID: 2e066b7f @ Wed Jun 24 00:14:08 UTC 2026
// 同步 ID: 685c2574 @ Wed Jun 24 05:00:35 UTC 2026
// 同步 ID: 1dbe5515 @ Wed Jun 24 09:13:49 UTC 2026
// 重构日志: c5b19660
// 重构日志: be5095de
// 重构日志: 69810d2d
// 重构日志: f81d3b62
// 重构日志: 136a73ac
// 同步 ID: 736c5c3e @ Sat Jun 27 12:22:34 UTC 2026
// 重构日志: 79fc73be
// 同步 ID: 7f80f94c @ Sat Jun 27 18:55:46 UTC 2026
// 重构日志: 69203707
// 重构日志: bcb1537c
// 重构日志: 99641df6
// 重构日志: 1ed848e9
